2023-09-05 14:28:42.116  INFO 15312 --- [restartedMain] c.e.testspring.TestSpringApplication     : Starting TestSpringApplication using Java 17.0.6 on MSI with PID 15312 (F:\testSpring\target\classes started by tduca in F:\testSpring)
2023-09-05 14:28:42.128  INFO 15312 --- [restartedMain] c.e.testspring.TestSpringApplication     : No active profile set, falling back to 1 default profile: "default"
2023-09-05 14:28:42.519  INFO 15312 --- [restartedMain] .e.DevToolsPropertyDefaultsPostProcessor : Devtools property defaults active! Set 'spring.devtools.add-properties' to 'false' to disable
2023-09-05 14:28:42.519  INFO 15312 --- [restartedMain] .e.DevToolsPropertyDefaultsPostProcessor : For additional web related logging consider setting the 'logging.level.web' property to 'DEBUG'
2023-09-05 14:28:43.685  INFO 15312 --- [restartedMain] .s.d.r.c.RepositoryConfigurationDelegate : Bootstrapping Spring Data JPA repositories in DEFAULT mode.
2023-09-05 14:28:43.764  INFO 15312 --- [restartedMain] .s.d.r.c.RepositoryConfigurationDelegate : Finished Spring Data repository scanning in 67 ms. Found 3 JPA repository interfaces.
2023-09-05 14:28:44.179  INFO 15312 --- [restartedMain] trationDelegate$BeanPostProcessorChecker : Bean 'org.springframework.ws.config.annotation.DelegatingWsConfiguration' of type [org.springframework.ws.config.annotation.DelegatingWsConfiguration$$EnhancerBySpringCGLIB$$19322a3] is not eligible for getting processed by all BeanPostProcessors (for example: not eligible for auto-proxying)
2023-09-05 14:28:44.270  INFO 15312 --- [restartedMain] .w.s.a.s.AnnotationActionEndpointMapping : Supporting [WS-Addressing August 2004, WS-Addressing 1.0]
2023-09-05 14:28:45.134  INFO 15312 --- [restartedMain] o.s.b.w.embedded.tomcat.TomcatWebServer  : Tomcat initialized with port(s): 8080 (http)
2023-09-05 14:28:45.160  INFO 15312 --- [restartedMain] o.apache.catalina.core.StandardService   : Starting service [Tomcat]
2023-09-05 14:28:45.160  INFO 15312 --- [restartedMain] org.apache.catalina.core.StandardEngine  : Starting Servlet engine: [Apache Tomcat/9.0.76]
2023-09-05 14:28:45.311  INFO 15312 --- [restartedMain] o.a.c.c.C.[Tomcat].[localhost].[/]       : Initializing Spring embedded WebApplicationContext
2023-09-05 14:28:45.311  INFO 15312 --- [restartedMain] w.s.c.ServletWebServerApplicationContext : Root WebApplicationContext: initialization completed in 2790 ms
2023-09-05 14:28:45.602  INFO 15312 --- [restartedMain] o.hibernate.jpa.internal.util.LogHelper  : HHH000204: Processing PersistenceUnitInfo [name: default]
2023-09-05 14:28:45.697  INFO 15312 --- [restartedMain] org.hibernate.Version                    : HHH000412: Hibernate ORM core version 5.6.15.Final
2023-09-05 14:28:45.994  INFO 15312 --- [restartedMain] o.hibernate.annotations.common.Version   : HCANN000001: Hibernate Commons Annotations {5.1.2.Final}
2023-09-05 14:28:46.216  INFO 15312 --- [restartedMain] com.zaxxer.hikari.HikariDataSource       : HikariPool-1 - Starting...
2023-09-05 14:28:46.730  INFO 15312 --- [restartedMain] com.zaxxer.hikari.HikariDataSource       : HikariPool-1 - Start completed.
2023-09-05 14:28:46.750  INFO 15312 --- [restartedMain] org.hibernate.dialect.Dialect            : HHH000400: Using dialect: org.hibernate.dialect.MySQL8Dialect
2023-09-05 14:28:47.802  INFO 15312 --- [restartedMain] o.h.e.t.j.p.i.JtaPlatformInitiator       : HHH000490: Using JtaPlatform implementation: [org.hibernate.engine.transaction.jta.platform.internal.NoJtaPlatform]
2023-09-05 14:28:47.811  INFO 15312 --- [restartedMain] j.LocalContainerEntityManagerFactoryBean : Initialized JPA EntityManagerFactory for persistence unit 'default'
2023-09-05 14:28:48.681  WARN 15312 --- [restartedMain] JpaBaseConfiguration$JpaWebConfiguration : spring.jpa.open-in-view is enabled by default. Therefore, database queries may be performed during view rendering. Explicitly configure spring.jpa.open-in-view to disable this warning
2023-09-05 14:28:49.603  INFO 15312 --- [restartedMain] o.s.b.d.a.OptionalLiveReloadServer       : LiveReload server is running on port 35729
2023-09-05 14:28:49.669  INFO 15312 --- [restartedMain] o.s.b.w.embedded.tomcat.TomcatWebServer  : Tomcat started on port(s): 8080 (http) with context path ''
2023-09-05 14:28:49.685  INFO 15312 --- [restartedMain] c.e.testspring.TestSpringApplication     : Started TestSpringApplication in 8.114 seconds (JVM running for 8.822)
2023-09-05 16:03:17.402  WARN 15312 --- [HikariPool-1 housekeeper] com.zaxxer.hikari.pool.HikariPool        : HikariPool-1 - Thread starvation or clock leap detected (housekeeper delta=26m7s201ms187µs800ns).
2023-09-05 16:12:35.327  INFO 15312 --- [SpringApplicationShutdownHook] j.LocalContainerEntityManagerFactoryBean : Closing JPA EntityManagerFactory for persistence unit 'default'
2023-09-05 16:12:35.440  INFO 15312 --- [SpringApplicationShutdownHook] com.zaxxer.hikari.HikariDataSource       : HikariPool-1 - Shutdown initiated...
2023-09-05 16:12:35.514  INFO 15312 --- [SpringApplicationShutdownHook] com.zaxxer.hikari.HikariDataSource       : HikariPool-1 - Shutdown completed.
